This file contains any messages produced by compilers while
running configure, to aid debugging if configure makes a mistake.

It was created by libsysio configure 2.0, which was
generated by GNU Autoconf 2.69.  Invocation command line was

  $ ./configure --with-curvefs-driver --with-alternate-symbols=yes --no-create --no-recursion

## --------- ##
## Platform. ##
## --------- ##

hostname = ubuntu
uname -m = x86_64
uname -r = 5.15.0-46-generic
uname -s = Linux
uname -v = #49~20.04.1-Ubuntu SMP Thu Aug 4 19:15:44 UTC 2022

/usr/bin/uname -p = x86_64
/bin/uname -X     = unknown

/bin/arch              = x86_64
/usr/bin/arch -k       = unknown
/usr/convex/getsysinfo = unknown
/usr/bin/hostinfo      = unknown
/bin/machine           = unknown
/usr/bin/oslevel       = unknown
/bin/universe          = unknown

PATH: /usr/local/sbin
PATH: /usr/local/bin
PATH: /usr/sbin
PATH: /usr/bin
PATH: /sbin
PATH: /bin
PATH: /usr/games
PATH: /usr/local/games
PATH: /snap/bin


## ----------- ##
## Core tests. ##
## ----------- ##

configure:2042: checking build system type
configure:2056: result: x86_64-pc-linux-gnu
configure:2076: checking host system type
configure:2089: result: x86_64-pc-linux-gnu
configure:2137: checking for a BSD-compatible install
configure:2205: result: /usr/bin/install -c
configure:2216: checking whether build environment is sane
configure:2271: result: yes
configure:2420: checking for a thread-safe mkdir -p
configure:2459: result: /usr/bin/mkdir -p
configure:2466: checking for gawk
configure:2482: found /usr/bin/gawk
configure:2493: result: gawk
configure:2504: checking whether make sets $(MAKE)
configure:2526: result: yes
configure:2555: checking whether make supports nested variables
configure:2572: result: yes
configure:2746: checking for gcc
configure:2762: found /usr/bin/gcc
configure:2773: result: gcc
configure:3002: checking for C compiler version
configure:3011: gcc --version >&5
gcc (Ubuntu 9.4.0-1ubuntu1~20.04.1) 9.4.0
Copyright (C) 2019 Free Software Foundation, Inc.
This is free software; see the source for copying conditions.  There is NO
warranty; not even for MERCHANTABILITY or FITNESS FOR A PARTICULAR PURPOSE.

configure:3022: $? = 0
configure:3011: gcc -v >&5
Using built-in specs.
COLLECT_GCC=gcc
COLLECT_LTO_WRAPPER=/usr/lib/gcc/x86_64-linux-gnu/9/lto-wrapper
OFFLOAD_TARGET_NAMES=nvptx-none:hsa
OFFLOAD_TARGET_DEFAULT=1
Target: x86_64-linux-gnu
Configured with: ../src/configure -v --with-pkgversion='Ubuntu 9.4.0-1ubuntu1~20.04.1' --with-bugurl=file:///usr/share/doc/gcc-9/README.Bugs --enable-languages=c,ada,c++,go,brig,d,fortran,objc,obj-c++,gm2 --prefix=/usr --with-gcc-major-version-only --program-suffix=-9 --program-prefix=x86_64-linux-gnu- --enable-shared --enable-linker-build-id --libexecdir=/usr/lib --without-included-gettext --enable-threads=posix --libdir=/usr/lib --enable-nls --enable-clocale=gnu --enable-libstdcxx-debug --enable-libstdcxx-time=yes --with-default-libstdcxx-abi=new --enable-gnu-unique-object --disable-vtable-verify --enable-plugin --enable-default-pie --with-system-zlib --with-target-system-zlib=auto --enable-objc-gc=auto --enable-multiarch --disable-werror --with-arch-32=i686 --with-abi=m64 --with-multilib-list=m32,m64,mx32 --enable-multilib --with-tune=generic --enable-offload-targets=nvptx-none=/build/gcc-9-Av3uEd/gcc-9-9.4.0/debian/tmp-nvptx/usr,hsa --without-cuda-driver --enable-checking=release --build=x86_64-linux-gnu --host=x86_64-linux-gnu --target=x86_64-linux-gnu
Thread model: posix
gcc version 9.4.0 (Ubuntu 9.4.0-1ubuntu1~20.04.1) 
configure:3022: $? = 0
configure:3011: gcc -V >&5
gcc: error: unrecognized command line option '-V'
gcc: fatal error: no input files
compilation terminated.
configure:3022: $? = 1
configure:3011: gcc -qversion >&5
gcc: error: unrecognized command line option '-qversion'; did you mean '--version'?
gcc: fatal error: no input files
compilation terminated.
configure:3022: $? = 1
configure:3042: checking whether the C compiler works
configure:3064: gcc    conftest.c  >&5
configure:3068: $? = 0
configure:3116: result: yes
configure:3119: checking for C compiler default output file name
configure:3121: result: a.out
configure:3127: checking for suffix of executables
configure:3134: gcc -o conftest    conftest.c  >&5
configure:3138: $? = 0
configure:3160: result: 
configure:3182: checking whether we are cross compiling
configure:3190: gcc -o conftest    conftest.c  >&5
configure:3194: $? = 0
configure:3201: ./conftest
configure:3205: $? = 0
configure:3193: result: no
configure:3198: checking for suffix of object files
configure:3220: gcc -c   conftest.c >&5
configure:3224: $? = 0
configure:3245: result: o
configure:3249: checking whether we are using the GNU C compiler
configure:3268: gcc -c   conftest.c >&5
configure:3268: $? = 0
configure:3277: result: yes
configure:3286: checking whether gcc accepts -g
configure:3306: gcc -c -g  conftest.c >&5
configure:3306: $? = 0
configure:3347: result: yes
configure:3364: checking for gcc option to accept ISO C89
configure:3427: gcc  -c -g -O2  conftest.c >&5
configure:3427: $? = 0
configure:3440: result: none needed
configure:3465: checking whether gcc understands -c and -o together
configure:3487: gcc -c conftest.c -o conftest2.o
configure:3490: $? = 0
configure:3487: gcc -c conftest.c -o conftest2.o
configure:3490: $? = 0
configure:3502: result: yes
configure:3522: checking whether make supports the include directive
configure:3537: make -f confmf.GNU && cat confinc.out
make[1]: Entering directory '/home/dxiang/curvefs_libsysio/libsysio/libsysio'
make[1]: Leaving directory '/home/dxiang/curvefs_libsysio/libsysio/libsysio'
this is the am__doit target
configure:3540: $? = 0
configure:3559: result: yes (GNU style)
configure:3584: checking dependency style of gcc
configure:3695: result: gcc3
configure:3768: checking for g++
configure:3784: found /usr/bin/g++
configure:3795: result: g++
configure:3822: checking for C++ compiler version
configure:3831: g++ --version >&5
g++ (Ubuntu 9.4.0-1ubuntu1~20.04.1) 9.4.0
Copyright (C) 2019 Free Software Foundation, Inc.
This is free software; see the source for copying conditions.  There is NO
warranty; not even for MERCHANTABILITY or FITNESS FOR A PARTICULAR PURPOSE.

configure:3842: $? = 0
configure:3831: g++ -v >&5
Using built-in specs.
COLLECT_GCC=g++
COLLECT_LTO_WRAPPER=/usr/lib/gcc/x86_64-linux-gnu/9/lto-wrapper
OFFLOAD_TARGET_NAMES=nvptx-none:hsa
OFFLOAD_TARGET_DEFAULT=1
Target: x86_64-linux-gnu
Configured with: ../src/configure -v --with-pkgversion='Ubuntu 9.4.0-1ubuntu1~20.04.1' --with-bugurl=file:///usr/share/doc/gcc-9/README.Bugs --enable-languages=c,ada,c++,go,brig,d,fortran,objc,obj-c++,gm2 --prefix=/usr --with-gcc-major-version-only --program-suffix=-9 --program-prefix=x86_64-linux-gnu- --enable-shared --enable-linker-build-id --libexecdir=/usr/lib --without-included-gettext --enable-threads=posix --libdir=/usr/lib --enable-nls --enable-clocale=gnu --enable-libstdcxx-debug --enable-libstdcxx-time=yes --with-default-libstdcxx-abi=new --enable-gnu-unique-object --disable-vtable-verify --enable-plugin --enable-default-pie --with-system-zlib --with-target-system-zlib=auto --enable-objc-gc=auto --enable-multiarch --disable-werror --with-arch-32=i686 --with-abi=m64 --with-multilib-list=m32,m64,mx32 --enable-multilib --with-tune=generic --enable-offload-targets=nvptx-none=/build/gcc-9-Av3uEd/gcc-9-9.4.0/debian/tmp-nvptx/usr,hsa --without-cuda-driver --enable-checking=release --build=x86_64-linux-gnu --host=x86_64-linux-gnu --target=x86_64-linux-gnu
Thread model: posix
gcc version 9.4.0 (Ubuntu 9.4.0-1ubuntu1~20.04.1) 
configure:3842: $? = 0
configure:3831: g++ -V >&5
g++: error: unrecognized command line option '-V'
g++: fatal error: no input files
compilation terminated.
configure:3842: $? = 1
configure:3831: g++ -qversion >&5
g++: error: unrecognized command line option '-qversion'; did you mean '--version'?
g++: fatal error: no input files
compilation terminated.
configure:3842: $? = 1
configure:3846: checking whether we are using the GNU C++ compiler
configure:3865: g++ -c   conftest.cpp >&5
configure:3865: $? = 0
configure:3874: result: yes
configure:3883: checking whether g++ accepts -g
configure:3903: g++ -c -g  conftest.cpp >&5
configure:3903: $? = 0
configure:3944: result: yes
configure:3969: checking dependency style of g++
configure:4080: result: gcc3
configure:4140: checking for ranlib
configure:4156: found /usr/bin/ranlib
configure:4167: result: ranlib
configure:4189: checking whether make sets $(MAKE)
configure:4211: result: yes
configure:4226: checking how to run the C preprocessor
configure:4257: gcc -E  conftest.c
configure:4257: $? = 0
configure:4271: gcc -E  conftest.c
conftest.c:11:10: fatal error: ac_nonexistent.h: No such file or directory
   11 | #include <ac_nonexistent.h>
      |          ^~~~~~~~~~~~~~~~~~
compilation terminated.
configure:4271: $? = 1
configure: failed program was:
| /* confdefs.h */
| #define PACKAGE_NAME "libsysio"
| #define PACKAGE_TARNAME "libsysio"
| #define PACKAGE_VERSION "2.0"
| #define PACKAGE_STRING "libsysio 2.0"
| #define PACKAGE_BUGREPORT ""
| #define PACKAGE_URL ""
| #define PACKAGE "libsysio"
| #define VERSION "2.0"
| /* end confdefs.h.  */
| #include <ac_nonexistent.h>
configure:4296: result: gcc -E
configure:4316: gcc -E  conftest.c
configure:4316: $? = 0
configure:4330: gcc -E  conftest.c
conftest.c:11:10: fatal error: ac_nonexistent.h: No such file or directory
   11 | #include <ac_nonexistent.h>
      |          ^~~~~~~~~~~~~~~~~~
compilation terminated.
configure:4330: $? = 1
configure: failed program was:
| /* confdefs.h */
| #define PACKAGE_NAME "libsysio"
| #define PACKAGE_TARNAME "libsysio"
| #define PACKAGE_VERSION "2.0"
| #define PACKAGE_STRING "libsysio 2.0"
| #define PACKAGE_BUGREPORT ""
| #define PACKAGE_URL ""
| #define PACKAGE "libsysio"
| #define VERSION "2.0"
| /* end confdefs.h.  */
| #include <ac_nonexistent.h>
configure:4359: checking for grep that handles long lines and -e
configure:4417: result: /usr/bin/grep
configure:4422: checking for egrep
configure:4484: result: /usr/bin/grep -E
configure:4489: checking for ANSI C header files
configure:4509: gcc -c -g -O2  conftest.c >&5
configure:4509: $? = 0
configure:4582: gcc -o conftest -g -O2   conftest.c  >&5
configure:4582: $? = 0
configure:4582: ./conftest
configure:4582: $? = 0
configure:4593: result: yes
configure:4601: checking whether stat file-mode macros are broken
configure:4628: gcc -c -g -O2  conftest.c >&5
configure:4628: $? = 0
configure:4635: result: no
configure:4643: checking whether time.h and sys/time.h may both be included
configure:4663: gcc -c -g -O2  conftest.c >&5
configure:4663: $? = 0
configure:4670: result: yes
configure:5037: checking for symlink support
configure:5057: gcc -c -g -O2  conftest.c >&5
configure:5057: $? = 0
configure:5064: result: yes
configure:5068: checking if readlink returns int
configure:5085: gcc -c -g -O2  conftest.c >&5
conftest.c: In function 'main':
conftest.c:21:14: error: conflicting types for 'readlink'
   21 |   extern int readlink(const char *, char *, size_t);
      |              ^~~~~~~~
In file included from /usr/include/features.h:461,
                 from /usr/include/unistd.h:25,
                 from conftest.c:15:
/usr/include/x86_64-linux-gnu/bits/unistd.h:139:1: note: previous definition of 'readlink' was here
  139 | __NTH (readlink (const char *__restrict __path, char *__restrict __buf,
      | ^~~~~
configure:5085: $? = 1
configure: failed program was:
| /* confdefs.h */
| #define PACKAGE_NAME "libsysio"
| #define PACKAGE_TARNAME "libsysio"
| #define PACKAGE_VERSION "2.0"
| #define PACKAGE_STRING "libsysio 2.0"
| #define PACKAGE_BUGREPORT ""
| #define PACKAGE_URL ""
| #define PACKAGE "libsysio"
| #define VERSION "2.0"
| #define STDC_HEADERS 1
| #define TIME_WITH_SYS_TIME 1
| #define _XOPEN_SOURCE 600
| /* end confdefs.h.  */
| 
| #include <unistd.h>
| 
| int
| main ()
| {
| 
| 		extern int readlink(const char *, char *, size_t);
| 
|   ;
|   return 0;
| }
configure:5092: result: no
configure:5103: checking whether _LARGEFILE64_SOURCE definition is required
configure:5120: gcc -c -g -O2  conftest.c >&5
conftest.c: In function 'main':
conftest.c:23:15: error: storage size of 'st64' isn't known
   23 | struct stat64 st64;
      |               ^~~~
configure:5120: $? = 1
configure: failed program was:
| /* confdefs.h */
| #define PACKAGE_NAME "libsysio"
| #define PACKAGE_TARNAME "libsysio"
| #define PACKAGE_VERSION "2.0"
| #define PACKAGE_STRING "libsysio 2.0"
| #define PACKAGE_BUGREPORT ""
| #define PACKAGE_URL ""
| #define PACKAGE "libsysio"
| #define VERSION "2.0"
| #define STDC_HEADERS 1
| #define TIME_WITH_SYS_TIME 1
| #define _XOPEN_SOURCE 600
| #define HAVE_POSIX_1003_READLINK 1
| /* end confdefs.h.  */
| 
| #include <sys/types.h>
| #include <sys/stat.h>
| #include <unistd.h>
| int
| main ()
| {
| 
| struct stat64 st64;
|   ;
|   return 0;
| }
configure:5143: gcc -c -g -O2  conftest.c >&5
configure:5143: $? = 0
configure:5150: result: yes
configure:5159: checking for alpha linux
configure:5168: result: no
configure:5181: checking for __st_ino
configure:5196: gcc -c -g -O2  conftest.c >&5
conftest.c: In function 'main':
conftest.c:22:4: error: 'struct stat' has no member named '__st_ino'; did you mean 'st_ino'?
   22 | st.__st_ino = 0;
      |    ^~~~~~~~
      |    st_ino
configure:5196: $? = 1
configure: failed program was:
| /* confdefs.h */
| #define PACKAGE_NAME "libsysio"
| #define PACKAGE_TARNAME "libsysio"
| #define PACKAGE_VERSION "2.0"
| #define PACKAGE_STRING "libsysio 2.0"
| #define PACKAGE_BUGREPORT ""
| #define PACKAGE_URL ""
| #define PACKAGE "libsysio"
| #define VERSION "2.0"
| #define STDC_HEADERS 1
| #define TIME_WITH_SYS_TIME 1
| #define _XOPEN_SOURCE 600
| #define HAVE_POSIX_1003_READLINK 1
| #define _LARGEFILE64_SOURCE 1
| /* end confdefs.h.  */
| 
| #include <sys/stat.h>
| int
| main ()
| {
| struct stat st;
| st.__st_ino = 0;
|   ;
|   return 0;
| }
configure:5202: result: no
configure:5211: checking for st_gen
configure:5226: gcc -c -g -O2  conftest.c >&5
conftest.c: In function 'main':
conftest.c:22:4: error: 'struct stat' has no member named 'st_gen'; did you mean 'st_dev'?
   22 | st.st_gen = 0;
      |    ^~~~~~
      |    st_dev
configure:5226: $? = 1
configure: failed program was:
| /* confdefs.h */
| #define PACKAGE_NAME "libsysio"
| #define PACKAGE_TARNAME "libsysio"
| #define PACKAGE_VERSION "2.0"
| #define PACKAGE_STRING "libsysio 2.0"
| #define PACKAGE_BUGREPORT ""
| #define PACKAGE_URL ""
| #define PACKAGE "libsysio"
| #define VERSION "2.0"
| #define STDC_HEADERS 1
| #define TIME_WITH_SYS_TIME 1
| #define _XOPEN_SOURCE 600
| #define HAVE_POSIX_1003_READLINK 1
| #define _LARGEFILE64_SOURCE 1
| /* end confdefs.h.  */
| 
| #include <sys/stat.h>
| int
| main ()
| {
| struct stat st;
| st.st_gen = 0;
|   ;
|   return 0;
| }
configure:5232: result: no
configure:5239: checking whether .text pseudo-op must be used
configure:5255: result: no
configure:5262: checking for assembler global-symbol directive
configure:5281: result: .globl
configure:5287: checking for .set assembler directive
conftest1.c:2:1: warning: return type defaults to 'int' [-Wimplicit-int]
    2 | main () { printf ("%d\n", bar); }
      | ^~~~
conftest1.c: In function 'main':
conftest1.c:2:11: warning: implicit declaration of function 'printf' [-Wimplicit-function-declaration]
    2 | main () { printf ("%d\n", bar); }
      |           ^~~~~~
conftest1.c:2:11: warning: incompatible implicit declaration of built-in function 'printf'
conftest1.c:1:1: note: include '<stdio.h>' or provide a declaration of 'printf'
  +++ |+#include <stdio.h>
    1 | extern int bar;
configure:5312: result: yes
configure:5315: checking for assembler .weak directive
configure:5332: result: yes
configure:5509: checking that generated files are newer than configure
configure:5515: result: done
configure:5586: creating ./config.status

## ---------------- ##
## Cache variables. ##
## ---------------- ##

ac_cv_build=x86_64-pc-linux-gnu
ac_cv_c_compiler_gnu=yes
ac_cv_cxx_compiler_gnu=yes
ac_cv_env_CCC_set=
ac_cv_env_CCC_value=
ac_cv_env_CC_set=
ac_cv_env_CC_value=
ac_cv_env_CFLAGS_set=
ac_cv_env_CFLAGS_value=
ac_cv_env_CPPFLAGS_set=
ac_cv_env_CPPFLAGS_value=
ac_cv_env_CPP_set=
ac_cv_env_CPP_value=
ac_cv_env_CXXFLAGS_set=
ac_cv_env_CXXFLAGS_value=
ac_cv_env_CXX_set=
ac_cv_env_CXX_value=
ac_cv_env_LDFLAGS_set=
ac_cv_env_LDFLAGS_value=
ac_cv_env_LIBS_set=
ac_cv_env_LIBS_value=
ac_cv_env_build_alias_set=
ac_cv_env_build_alias_value=
ac_cv_env_host_alias_set=
ac_cv_env_host_alias_value=
ac_cv_env_target_alias_set=
ac_cv_env_target_alias_value=
ac_cv_header_stat_broken=no
ac_cv_header_stdc=yes
ac_cv_header_time=yes
ac_cv_host=x86_64-pc-linux-gnu
ac_cv_objext=o
ac_cv_path_EGREP='/usr/bin/grep -E'
ac_cv_path_GREP=/usr/bin/grep
ac_cv_path_install='/usr/bin/install -c'
ac_cv_path_mkdir=/usr/bin/mkdir
ac_cv_prog_AWK=gawk
ac_cv_prog_CPP='gcc -E'
ac_cv_prog_ac_ct_CC=gcc
ac_cv_prog_ac_ct_CXX=g++
ac_cv_prog_ac_ct_RANLIB=ranlib
ac_cv_prog_cc_c89=
ac_cv_prog_cc_g=yes
ac_cv_prog_cxx_g=yes
ac_cv_prog_make_make_set=yes
am_cv_CC_dependencies_compiler_type=gcc3
am_cv_CXX_dependencies_compiler_type=gcc3
am_cv_make_support_nested_variables=yes
am_cv_prog_cc_c_o=yes

## ----------------- ##
## Output variables. ##
## ----------------- ##

ACLOCAL='${SHELL} /home/dxiang/curvefs_libsysio/libsysio/libsysio/missing aclocal-1.16'
AMDEPBACKSLASH='\'
AMDEP_FALSE='#'
AMDEP_TRUE=''
AMTAR='$${TAR-tar}'
AM_BACKSLASH='\'
AM_DEFAULT_V='$(AM_DEFAULT_VERBOSITY)'
AM_DEFAULT_VERBOSITY='1'
AM_V='$(V)'
AUTOCONF='${SHELL} /home/dxiang/curvefs_libsysio/libsysio/libsysio/missing autoconf'
AUTOHEADER='${SHELL} /home/dxiang/curvefs_libsysio/libsysio/libsysio/missing autoheader'
AUTOMAKE='${SHELL} /home/dxiang/curvefs_libsysio/libsysio/libsysio/missing automake-1.16'
AUTOMOUNT=''
AWK='gawk'
CC='gcc'
CCDEPMODE='depmode=gcc3'
CFLAGS='-g -O2'
CPP='gcc -E'
CPPFLAGS=''
CXX='g++'
CXXDEPMODE='depmode=gcc3'
CXXFLAGS='-g -O2'
CYGPATH_W='echo'
DEFER_INIT_CWD=''
DEFS='-DPACKAGE_NAME=\"libsysio\" -DPACKAGE_TARNAME=\"libsysio\" -DPACKAGE_VERSION=\"2.0\" -DPACKAGE_STRING=\"libsysio\ 2.0\" -DPACKAGE_BUGREPORT=\"\" -DPACKAGE_URL=\"\" -DPACKAGE=\"libsysio\" -DVERSION=\"2.0\" -DSTDC_HEADERS=1 -DTIME_WITH_SYS_TIME=1 -D_XOPEN_SOURCE=600 -DHAVE_POSIX_1003_READLINK=1 -D_LARGEFILE64_SOURCE=1 -DHAVE_ASM_WEAK_DIRECTIVE=1'
DEPDIR='.deps'
ECHO_C=''
ECHO_N='-n'
ECHO_T=''
EGREP='/usr/bin/grep -E'
EXEEXT=''
GREP='/usr/bin/grep'
INSTALL_DATA='${INSTALL} -m 644'
INSTALL_PROGRAM='${INSTALL}'
INSTALL_SCRIPT='${INSTALL}'
INSTALL_STRIP_PROGRAM='$(install_sh) -c -s'
LDFLAGS=''
LIBBUILD_DIR='/home/dxiang/curvefs_libsysio/libsysio/libsysio/lib'
LIBOBJS=''
LIBS=''
LTLIBOBJS=''
MAKEINFO='${SHELL} /home/dxiang/curvefs_libsysio/libsysio/libsysio/missing makeinfo'
MKDIR_P='/usr/bin/mkdir -p'
OBJEXT='o'
PACKAGE='libsysio'
PACKAGE_BUGREPORT=''
PACKAGE_NAME='libsysio'
PACKAGE_STRING='libsysio 2.0'
PACKAGE_TARNAME='libsysio'
PACKAGE_URL=''
PACKAGE_VERSION='2.0'
PATH_SEPARATOR=':'
RANLIB='ranlib'
SET_MAKE=''
SHELL='/bin/bash'
STRIP=''
SYSIO_LABEL_NAMES='-DSYSIO_LABEL_NAMES=sysio_'
TEST_ALPHA_ARG_FALSE=''
TEST_ALPHA_ARG_TRUE='#'
TRACING=''
VERSION='2.0'
WITH_CURVEFS_DRIVER_FALSE='#'
WITH_CURVEFS_DRIVER_TRUE=''
WITH_FILE_HANDLE_INTERFACE_FALSE=''
WITH_FILE_HANDLE_INTERFACE_TRUE='#'
WITH_INCORE_DRIVER_FALSE='#'
WITH_INCORE_DRIVER_TRUE=''
WITH_NATIVE_DRIVER_FALSE='#'
WITH_NATIVE_DRIVER_TRUE=''
WITH_STATVFS_FALSE=''
WITH_STATVFS_TRUE='#'
WITH_STDDEV_DEV_FALSE='#'
WITH_STDDEV_DEV_TRUE=''
WITH_STDFD_DEV_FALSE='#'
WITH_STDFD_DEV_TRUE=''
WITH_TESTS_FALSE='#'
WITH_TESTS_TRUE=''
WITH_THREAD_MODEL_POSIX_FALSE=''
WITH_THREAD_MODEL_POSIX_TRUE='#'
WITH_TRACING_FALSE=''
WITH_TRACING_TRUE='#'
ZERO_SUM_MEMORY=''
_HAVE_STATVFS=''
ac_ct_CC='gcc'
ac_ct_CXX='g++'
am__EXEEXT_FALSE=''
am__EXEEXT_TRUE='#'
am__fastdepCC_FALSE='#'
am__fastdepCC_TRUE=''
am__fastdepCXX_FALSE='#'
am__fastdepCXX_TRUE=''
am__include='include'
am__isrc=''
am__leading_dot='.'
am__nodep='_no'
am__quote=''
am__tar='$${TAR-tar} chof - "$$tardir"'
am__untar='$${TAR-tar} xf -'
bindir='${exec_prefix}/bin'
build='x86_64-pc-linux-gnu'
build_alias=''
build_cpu='x86_64'
build_os='linux-gnu'
build_vendor='pc'
datadir='${datarootdir}'
datarootdir='${prefix}/share'
docdir='${datarootdir}/doc/${PACKAGE_TARNAME}'
dvidir='${docdir}'
exec_prefix='${prefix}'
host='x86_64-pc-linux-gnu'
host_alias=''
host_cpu='x86_64'
host_os='linux-gnu'
host_vendor='pc'
htmldir='${docdir}'
includedir='${prefix}/include'
infodir='${datarootdir}/info'
install_sh='${SHELL} /home/dxiang/curvefs_libsysio/libsysio/libsysio/install-sh'
libdir='${exec_prefix}/lib'
libexecdir='${exec_prefix}/libexec'
localedir='${datarootdir}/locale'
localstatedir='${prefix}/var'
mandir='${datarootdir}/man'
mkdir_p='$(MKDIR_P)'
oldincludedir='/usr/include'
pdfdir='${docdir}'
prefix='/usr/local'
program_transform_name='s,x,x,'
psdir='${docdir}'
runstatedir='${localstatedir}/run'
sbindir='${exec_prefix}/sbin'
sharedstatedir='${prefix}/com'
sysconfdir='${prefix}/etc'
target_alias=''

## ----------- ##
## confdefs.h. ##
## ----------- ##

/* confdefs.h */
#define PACKAGE_NAME "libsysio"
#define PACKAGE_TARNAME "libsysio"
#define PACKAGE_VERSION "2.0"
#define PACKAGE_STRING "libsysio 2.0"
#define PACKAGE_BUGREPORT ""
#define PACKAGE_URL ""
#define PACKAGE "libsysio"
#define VERSION "2.0"
#define STDC_HEADERS 1
#define TIME_WITH_SYS_TIME 1
#define _XOPEN_SOURCE 600
#define HAVE_POSIX_1003_READLINK 1
#define _LARGEFILE64_SOURCE 1
#define HAVE_ASM_WEAK_DIRECTIVE 1

configure: exit 0

## ---------------------- ##
## Running config.status. ##
## ---------------------- ##

This file was extended by libsysio config.status 2.0, which was
generated by GNU Autoconf 2.69.  Invocation command line was

  CONFIG_FILES    = 
  CONFIG_HEADERS  = 
  CONFIG_LINKS    = 
  CONFIG_COMMANDS = 
  $ ./config.status 

on ubuntu

config.status:818: creating Makefile
config.status:818: creating tests/Makefile
config.status:990: executing depfiles commands
config.status:1067: cd .       && sed -e '/# am--include-marker/d' Makefile         | make -f - am--depfiles
make[1]: Entering directory '/home/dxiang/curvefs_libsysio/libsysio/libsysio'
make[1]: Leaving directory '/home/dxiang/curvefs_libsysio/libsysio/libsysio'
config.status:1072: $? = 0
config.status:1067: cd tests       && sed -e '/# am--include-marker/d' Makefile         | make -f - am--depfiles
make[1]: Entering directory '/home/dxiang/curvefs_libsysio/libsysio/libsysio/tests'
make[1]: Leaving directory '/home/dxiang/curvefs_libsysio/libsysio/libsysio/tests'
config.status:1072: $? = 0
